{"/Volumes/Magnus/code/skola/sundsgarden/module3/1.jest/functionsToTest.ts": {"path":"/Volumes/Magnus/code/skola/sundsgarden/module3/1.jest/functionsToTest.ts","statementMap":{"0":{"start":{"line":1,"column":0},"end":{"line":1,"column":16}},"1":{"start":{"line":2,"column":4},"end":{"line":2,"column":17}},"2":{"start":{"line":5,"column":24},"end":{"line":7,"column":1}},"3":{"start":{"line":6,"column":4},"end":{"line":6,"column":115}},"4":{"start":{"line":5,"column":13},"end":{"line":5,"column":24}},"5":{"start":{"line":9,"column":23},"end":{"line":13,"column":1}},"6":{"start":{"line":10,"column":25},"end":{"line":10,"column":54}},"7":{"start":{"line":11,"column":4},"end":{"line":11,"column":46}},"8":{"start":{"line":12,"column":4},"end":{"line":12,"column":85}},"9":{"start":{"line":12,"column":61},"end":{"line":12,"column":83}},"10":{"start":{"line":9,"column":13},"end":{"line":9,"column":23}}},"fnMap":{"0":{"name":"sum","decl":{"start":{"line":1,"column":16},"end":{"line":1,"column":19}},"loc":{"start":{"line":1,"column":40},"end":{"line":3,"column":1}}},"1":{"name":"(anonymous_1)","decl":{"start":{"line":5,"column":24},"end":{"line":5,"column":25}},"loc":{"start":{"line":5,"column":51},"end":{"line":7,"column":1}}},"2":{"name":"(anonymous_2)","decl":{"start":{"line":9,"column":23},"end":{"line":9,"column":24}},"loc":{"start":{"line":9,"column":65},"end":{"line":13,"column":1}}},"3":{"name":"(anonymous_3)","decl":{"start":{"line":12,"column":49},"end":{"line":12,"column":50}},"loc":{"start":{"line":12,"column":61},"end":{"line":12,"column":83}}}},"branchMap":{"0":{"loc":{"start":{"line":6,"column":11},"end":{"line":6,"column":114}},"type":"cond-expr","locations":[{"start":{"line":6,"column":31},"end":{"line":6,"column":41}},{"start":{"line":6,"column":44},"end":{"line":6,"column":114}}]},"1":{"loc":{"start":{"line":6,"column":44},"end":{"line":6,"column":114}},"type":"cond-expr","locations":[{"start":{"line":6,"column":63},"end":{"line":6,"column":69}},{"start":{"line":6,"column":72},"end":{"line":6,"column":114}}]},"2":{"loc":{"start":{"line":6,"column":72},"end":{"line":6,"column":114}},"type":"cond-expr","locations":[{"start":{"line":6,"column":91},"end":{"line":6,"column":97}},{"start":{"line":6,"column":100},"end":{"line":6,"column":114}}]},"3":{"loc":{"start":{"line":12,"column":11},"end":{"line":12,"column":84}},"type":"binary-expr","locations":[{"start":{"line":12,"column":11},"end":{"line":12,"column":23}},{"start":{"line":12,"column":27},"end":{"line":12,"column":84}}]}},"s":{"0":1,"1":1,"2":1,"3":99,"4":1,"5":1,"6":3,"7":3,"8":3,"9":12,"10":1},"f":{"0":1,"1":99,"2":3,"3":12},"b":{"0":[6,93],"1":[13,80],"2":[27,53],"3":[3,3]}}
}
